2025-05-28 10:06:09,767 - INFO - Checkpoint saved: checkpoints\best_0.pth
2025-05-28 10:06:09,768 - INFO - ===== GENERAZIONE 1 =====
2025-05-28 10:06:13,136 - INFO - mossa selezionata 
2025-05-28 10:06:13,153 - INFO - mossa selezionata 
2025-05-28 10:06:13,405 - INFO - mossa selezionata 
2025-05-28 10:06:13,421 - INFO - mossa selezionata 
2025-05-28 10:06:13,674 - INFO - mossa selezionata 
2025-05-28 10:06:13,691 - INFO - mossa selezionata 
2025-05-28 10:06:13,956 - INFO - mossa selezionata 
2025-05-28 10:06:13,973 - INFO - mossa selezionata 
2025-05-28 10:06:14,271 - INFO - mossa selezionata 
2025-05-28 10:06:14,287 - INFO - mossa selezionata 
2025-05-28 10:06:14,546 - INFO - mossa selezionata 
2025-05-28 10:06:14,563 - INFO - mossa selezionata 
2025-05-28 10:06:14,822 - INFO - mossa selezionata 
2025-05-28 10:06:14,842 - INFO - mossa selezionata 
2025-05-28 10:06:15,169 - INFO - mossa selezionata 
2025-05-28 10:06:15,187 - INFO - mossa selezionata 
2025-05-28 10:06:15,444 - INFO - mossa selezionata 
2025-05-28 10:06:15,462 - INFO - mossa selezionata 
2025-05-28 10:06:15,725 - INFO - mossa selezionata 
2025-05-28 10:06:15,742 - INFO - mossa selezionata 
2025-05-28 10:06:26,142 - INFO - game ended after 54 turns, result: 0.0001
2025-05-28 10:06:26,644 - INFO - mossa selezionata 
2025-05-28 10:06:27,238 - INFO - mossa selezionata 
2025-05-28 10:06:27,758 - INFO - mossa selezionata 
2025-05-28 10:06:28,310 - INFO - mossa selezionata 
2025-05-28 10:06:28,790 - INFO - mossa selezionata 
2025-05-28 10:06:29,350 - INFO - mossa selezionata 
2025-05-28 10:06:29,923 - INFO - mossa selezionata 
2025-05-28 10:06:30,467 - INFO - mossa selezionata 
2025-05-28 10:06:31,066 - INFO - mossa selezionata 
2025-05-28 10:06:31,651 - INFO - mossa selezionata 
2025-05-28 10:06:36,880 - INFO - game ended after 80 turns, result: 0.0001
2025-05-28 10:06:37,168 - INFO - mossa selezionata 
2025-05-28 10:06:37,456 - INFO - mossa selezionata 
2025-05-28 10:06:37,750 - INFO - mossa selezionata 
2025-05-28 10:06:38,033 - INFO - mossa selezionata 
2025-05-28 10:06:38,301 - INFO - mossa selezionata 
2025-05-28 10:06:38,566 - INFO - mossa selezionata 
2025-05-28 10:06:38,849 - INFO - mossa selezionata 
2025-05-28 10:06:39,163 - INFO - mossa selezionata 
2025-05-28 10:06:39,501 - INFO - mossa selezionata 
2025-05-28 10:06:39,883 - INFO - mossa selezionata 
2025-05-28 10:06:43,697 - INFO - game ended after 23 turns, result: 1
2025-05-28 10:06:44,040 - INFO - mossa selezionata 
2025-05-28 10:06:44,348 - INFO - mossa selezionata 
2025-05-28 10:06:44,672 - INFO - mossa selezionata 
2025-05-28 10:06:45,008 - INFO - mossa selezionata 
2025-05-28 10:06:45,350 - INFO - mossa selezionata 
2025-05-28 10:06:45,697 - INFO - mossa selezionata 
2025-05-28 10:06:46,041 - INFO - mossa selezionata 
2025-05-28 10:06:46,366 - INFO - mossa selezionata 
2025-05-28 10:06:46,695 - INFO - mossa selezionata 
2025-05-28 10:06:47,132 - INFO - mossa selezionata 
2025-05-28 10:06:50,100 - INFO - game ended after 74 turns, result: 0.0001
2025-05-28 10:06:50,426 - INFO - mossa selezionata 
2025-05-28 10:06:50,731 - INFO - mossa selezionata 
2025-05-28 10:06:51,027 - INFO - mossa selezionata 
2025-05-28 10:06:51,334 - INFO - mossa selezionata 
2025-05-28 10:06:51,672 - INFO - mossa selezionata 
2025-05-28 10:06:52,019 - INFO - mossa selezionata 
2025-05-28 10:06:52,348 - INFO - mossa selezionata 
2025-05-28 10:06:52,665 - INFO - mossa selezionata 
2025-05-28 10:06:53,034 - INFO - mossa selezionata 
2025-05-28 10:06:53,360 - INFO - mossa selezionata 
2025-05-28 10:07:00,385 - INFO - game ended after 34 turns, result: -1
2025-05-28 10:07:00,706 - INFO - mossa selezionata 
2025-05-28 10:07:01,001 - INFO - mossa selezionata 
2025-05-28 10:07:01,326 - INFO - mossa selezionata 
2025-05-28 10:07:01,657 - INFO - mossa selezionata 
2025-05-28 10:07:01,990 - INFO - mossa selezionata 
2025-05-28 10:07:02,325 - INFO - mossa selezionata 
2025-05-28 10:07:02,658 - INFO - mossa selezionata 
2025-05-28 10:07:02,969 - INFO - mossa selezionata 
2025-05-28 10:07:03,267 - INFO - mossa selezionata 
2025-05-28 10:07:03,670 - INFO - mossa selezionata 
2025-05-28 10:07:06,386 - INFO - game ended after 80 turns, result: 0.0001
2025-05-28 10:07:06,764 - INFO - mossa selezionata 
2025-05-28 10:07:07,055 - INFO - mossa selezionata 
2025-05-28 10:07:07,370 - INFO - mossa selezionata 
2025-05-28 10:07:07,684 - INFO - mossa selezionata 
2025-05-28 10:07:08,006 - INFO - mossa selezionata 
2025-05-28 10:07:08,358 - INFO - mossa selezionata 
2025-05-28 10:07:08,699 - INFO - mossa selezionata 
2025-05-28 10:07:09,035 - INFO - mossa selezionata 
2025-05-28 10:07:09,363 - INFO - mossa selezionata 
2025-05-28 10:07:09,683 - INFO - mossa selezionata 
2025-05-28 10:07:23,313 - INFO - game ended after 80 turns, result: 0.0001
2025-05-28 10:07:23,637 - INFO - mossa selezionata 
2025-05-28 10:07:23,954 - INFO - mossa selezionata 
2025-05-28 10:07:24,279 - INFO - mossa selezionata 
2025-05-28 10:07:24,601 - INFO - mossa selezionata 
2025-05-28 10:07:24,915 - INFO - mossa selezionata 
2025-05-28 10:07:25,248 - INFO - mossa selezionata 
2025-05-28 10:07:25,537 - INFO - mossa selezionata 
2025-05-28 10:07:25,832 - INFO - mossa selezionata 
2025-05-28 10:07:26,148 - INFO - mossa selezionata 
2025-05-28 10:07:26,473 - INFO - mossa selezionata 
2025-05-28 10:07:27,727 - INFO - game ended after 80 turns, result: 0.0001
2025-05-28 10:07:28,027 - INFO - mossa selezionata 
2025-05-28 10:07:28,423 - INFO - mossa selezionata 
2025-05-28 10:07:28,750 - INFO - mossa selezionata 
2025-05-28 10:07:29,040 - INFO - mossa selezionata 
2025-05-28 10:07:29,321 - INFO - mossa selezionata 
2025-05-28 10:07:29,634 - INFO - mossa selezionata 
2025-05-28 10:07:29,923 - INFO - mossa selezionata 
2025-05-28 10:07:30,188 - INFO - mossa selezionata 
2025-05-28 10:07:30,470 - INFO - mossa selezionata 
2025-05-28 10:07:30,793 - INFO - mossa selezionata 
2025-05-28 10:07:41,110 - INFO - game ended after 68 turns, result: 0.0001
2025-05-28 10:07:41,521 - INFO - mossa selezionata 
2025-05-28 10:07:41,838 - INFO - mossa selezionata 
2025-05-28 10:07:42,162 - INFO - mossa selezionata 
2025-05-28 10:07:42,498 - INFO - mossa selezionata 
2025-05-28 10:07:42,769 - INFO - game ended after 59 turns, result: 0.0001
2025-05-28 10:07:42,852 - INFO - mossa selezionata 
2025-05-28 10:07:43,132 - INFO - mossa selezionata 
2025-05-28 10:07:43,216 - INFO - mossa selezionata 
2025-05-28 10:07:43,485 - INFO - mossa selezionata 
2025-05-28 10:07:43,561 - INFO - mossa selezionata 
2025-05-28 10:07:43,846 - INFO - mossa selezionata 
2025-05-28 10:07:43,906 - INFO - mossa selezionata 
2025-05-28 10:07:44,253 - INFO - mossa selezionata 
2025-05-28 10:07:44,289 - INFO - mossa selezionata 
2025-05-28 10:07:44,631 - INFO - mossa selezionata 
2025-05-28 10:07:44,669 - INFO - mossa selezionata 
2025-05-28 10:07:45,121 - INFO - mossa selezionata 
2025-05-28 10:07:45,507 - INFO - mossa selezionata 
2025-05-28 10:07:45,891 - INFO - mossa selezionata 
2025-05-28 10:07:46,360 - INFO - mossa selezionata 
2025-05-28 10:07:46,816 - INFO - mossa selezionata 
